2014/10/28 23:49:22 INFO  - jmeter.util.JMeterUtils: Setting Locale to en_US 
2014/10/28 23:49:23 INFO  - jmeter.JMeter: Loading user properties from: /usr/share/jmeter/bin/user.properties 
2014/10/28 23:49:23 INFO  - jmeter.JMeter: Loading system properties from: /usr/share/jmeter/bin/system.properties 
2014/10/28 23:49:23 INFO  - jmeter.JMeter: Copyright (c) 1998-2012 The Apache Software Foundation 
2014/10/28 23:49:23 INFO  - jmeter.JMeter: Version 2.8.20130705 
2014/10/28 23:49:23 INFO  - jmeter.JMeter: java.version=1.7.0_67 
2014/10/28 23:49:23 INFO  - jmeter.JMeter: java.vm.name=Java HotSpot(TM) 64-Bit Server VM 
2014/10/28 23:49:23 INFO  - jmeter.JMeter: os.name=Linux 
2014/10/28 23:49:23 INFO  - jmeter.JMeter: os.arch=amd64 
2014/10/28 23:49:23 INFO  - jmeter.JMeter: os.version=3.13.0-37-generic 
2014/10/28 23:49:23 INFO  - jmeter.JMeter: file.encoding=UTF-8 
2014/10/28 23:49:23 INFO  - jmeter.JMeter: Default Locale=English (United States) 
2014/10/28 23:49:23 INFO  - jmeter.JMeter: JMeter  Locale=English (United States) 
2014/10/28 23:49:23 INFO  - jmeter.JMeter: JMeterHome=/usr/share/jmeter 
2014/10/28 23:49:23 INFO  - jmeter.JMeter: user.dir  =/workspace/users/albandri10/env/ansible/roles/workstation/templates 
2014/10/28 23:49:23 INFO  - jmeter.JMeter: PWD       =/workspace/users/albandri10/env/ansible/roles/workstation/templates 
2014/10/28 23:49:23 INFO  - jmeter.JMeter: IP: 127.0.0.1 Name: albandri-laptop-misys.misys.global.ad FullName: localhost 
2014/10/28 23:49:23 INFO  - jmeter.JMeter: Loaded icon properties from org/apache/jmeter/images/icon.properties 
2014/10/28 23:49:25 FATAL - jmeter.JMeter: An error occurred:  java.lang.NoSuchMethodError: org.apache.jorphan.gui.GuiUtils.stopTableEditing(Ljavax/swing/JTable;)V
	at org.apache.jmeter.config.gui.ArgumentsPanel.modifyTestElement(ArgumentsPanel.java:222)
	at org.apache.jmeter.config.gui.ArgumentsPanel.createTestElement(ArgumentsPanel.java:216)
	at org.apache.jmeter.control.gui.TestPlanGui.modifyTestElement(TestPlanGui.java:121)
	at org.apache.jmeter.control.gui.TestPlanGui.createTestElement(TestPlanGui.java:109)
	at org.apache.jmeter.gui.tree.JMeterTreeModel.<init>(JMeterTreeModel.java:51)
	at org.apache.jmeter.JMeter.startGui(JMeter.java:226)
	at org.apache.jmeter.JMeter.start(JMeter.java:378)
	at sun.reflect.NativeMethodAccessorImpl.invoke0(Native Method)
	at sun.reflect.NativeMethodAccessorImpl.invoke(NativeMethodAccessorImpl.java:57)
	at sun.reflect.DelegatingMethodAccessorImpl.invoke(DelegatingMethodAccessorImpl.java:43)
	at java.lang.reflect.Method.invoke(Method.java:606)
	at org.apache.jmeter.NewDriver.main(NewDriver.java:216)

